<?xml version="1.0" encoding="UTF-8"?>
<!-- Generated by org.testng.reporters.JUnitReportReporter -->
<testsuite hostname="DESKTOP-anirban" failures="0" tests="1" name="TestCases.LoginTest_001" time="1.959" errors="0" timestamp="2023-07-27T02:57:16 IST" skipped="0">
  <testcase classname="TestCases.LoginTest_001" name="logintest" time="1.959"/>
  <system-out/>
</testsuite> <!-- TestCases.LoginTest_001 -->
