<?xml version="1.0" encoding="UTF-8"?>
<!-- Generated by org.testng.reporters.JUnitReportReporter -->
<testsuite hostname="DESKTOP-anirban" failures="0" tests="1" name="TestCases.LoginTest_001" time="5.852" errors="0" timestamp="2023-07-28T02:35:58 IST" skipped="0">
  <testcase classname="TestCases.LoginTest_001" name="logintest" time="5.852"/>
  <system-out/>
</testsuite> <!-- TestCases.LoginTest_001 -->
